[ 2017-07-03T16:36:43+08:00 ] ::1 /travel/index.php/Home/Order/ticket.html
ERR: 非法操作:ticket

[ 2017-07-03T16:56:26+08:00 ] ::1 /travel/index.php/Home/Order/ticket.html
ERR: 非法操作:ticket

[ 2017-07-03T16:56:38+08:00 ] ::1 /travel/index.php/Home/Order/ticket.html
ERR: 非法操作:ticket

[ 2017-07-03T16:57:13+08:00 ] ::1 /travel/index.php/Home/Order/ticket.html
ERR: 非法操作:ticket

[ 2017-07-03T16:59:51+08:00 ] ::1 /travel/index.php/Home/Order/ticket.html
ERR: 非法操作:ticket

[ 2017-07-03T17:01:33+08:00 ] ::1 /travel/index.php/Home/Order/ticket.html
ERR: 非法操作:ticket

[ 2017-07-03T20:06:12+08:00 ] ::1 /travel/index.php/Home/Sign/write.html
INFO: [ app_begin ] --START--
INFO: Run Behavior\ReadHtmlCacheBehavior [ RunTime:0.000654s ]
INFO: [ app_begin ] --END-- [ RunTime:0.001034s ]
SQL: SHOW COLUMNS FROM `travel_view_comment` [ RunTime:0.0148s ]
SQL: INSERT INTO `travel_view_comment` (`user_id`,`view_id`,`comment`) VALUES ('1','1','aaaaa') [ RunTime:0.0052s ]
SQL: SHOW COLUMNS FROM `travel_view` [ RunTime:0.0083s ]
SQL: SELECT * FROM `travel_view` WHERE `view_id` = 1  [ RunTime:0.0005s ]
SQL: SHOW COLUMNS FROM `travel_view_ticket` [ RunTime:0.0083s ]
SQL: SELECT * FROM `travel_view_ticket` WHERE `view_id` = 1  [ RunTime:0.0004s ]
SQL: SELECT * FROM `travel_view_comment` WHERE `view_id` = 1 ORDER BY comment_id desc  [ RunTime:0.0006s ]
INFO: [ view_parse ] --START--
INFO: [ template_filter ] --START--
INFO: Run Behavior\ContentReplaceBehavior [ RunTime:0.000160s ]
INFO: [ template_filter ] --END-- [ RunTime:0.000247s ]
INFO: Run Behavior\ParseTemplateBehavior [ RunTime:0.065214s ]
INFO: [ view_parse ] --END-- [ RunTime:0.065316s ]
INFO: [ view_filter ] --START--
INFO: Run Behavior\WriteHtmlCacheBehavior [ RunTime:0.000431s ]
INFO: [ view_filter ] --END-- [ RunTime:0.000508s ]
INFO: [ app_end ] --START--
INFO: Run Behavior\ShowPageTraceBehavior [ RunTime:0.000984s ]
INFO: [ app_end ] --END-- [ RunTime:0.001288s ]

[ 2017-07-03T20:06:13+08:00 ] ::1 /travel/index.php/Home/Sign/write.html
INFO: [ app_begin ] --START--
INFO: Run Behavior\ReadHtmlCacheBehavior [ RunTime:0.000551s ]
INFO: [ app_begin ] --END-- [ RunTime:0.000906s ]
SQL: SHOW COLUMNS FROM `travel_view_comment` [ RunTime:0.0112s ]
SQL: INSERT INTO `travel_view_comment` (`user_id`,`view_id`,`comment`) VALUES ('1','1','aaaaa') [ RunTime:0.0071s ]
SQL: SHOW COLUMNS FROM `travel_view` [ RunTime:0.0086s ]
SQL: SELECT * FROM `travel_view` WHERE `view_id` = 1  [ RunTime:0.0005s ]
SQL: SHOW COLUMNS FROM `travel_view_ticket` [ RunTime:0.0080s ]
SQL: SELECT * FROM `travel_view_ticket` WHERE `view_id` = 1  [ RunTime:0.0004s ]
SQL: SELECT * FROM `travel_view_comment` WHERE `view_id` = 1 ORDER BY comment_id desc  [ RunTime:0.0003s ]
INFO: [ view_parse ] --START--
INFO: [ template_filter ] --START--
INFO: Run Behavior\ContentReplaceBehavior [ RunTime:0.000163s ]
INFO: [ template_filter ] --END-- [ RunTime:0.000251s ]
INFO: Run Behavior\ParseTemplateBehavior [ RunTime:0.065065s ]
INFO: [ view_parse ] --END-- [ RunTime:0.065169s ]
INFO: [ view_filter ] --START--
INFO: Run Behavior\WriteHtmlCacheBehavior [ RunTime:0.000403s ]
INFO: [ view_filter ] --END-- [ RunTime:0.000480s ]
INFO: [ app_end ] --START--
INFO: Run Behavior\ShowPageTraceBehavior [ RunTime:0.000857s ]
INFO: [ app_end ] --END-- [ RunTime:0.000983s ]

[ 2017-07-03T20:06:14+08:00 ] ::1 /travel/index.php/Home/Sign/write.html
INFO: [ app_begin ] --START--
INFO: Run Behavior\ReadHtmlCacheBehavior [ RunTime:0.000547s ]
INFO: [ app_begin ] --END-- [ RunTime:0.000894s ]
SQL: SHOW COLUMNS FROM `travel_view_comment` [ RunTime:0.0051s ]
SQL: INSERT INTO `travel_view_comment` (`user_id`,`view_id`,`comment`) VALUES ('1','1','aaaaa') [ RunTime:0.0030s ]
SQL: SHOW COLUMNS FROM `travel_view` [ RunTime:0.0056s ]
SQL: SELECT * FROM `travel_view` WHERE `view_id` = 1  [ RunTime:0.0004s ]
SQL: SHOW COLUMNS FROM `travel_view_ticket` [ RunTime:0.0054s ]
SQL: SELECT * FROM `travel_view_ticket` WHERE `view_id` = 1  [ RunTime:0.0004s ]
SQL: SELECT * FROM `travel_view_comment` WHERE `view_id` = 1 ORDER BY comment_id desc  [ RunTime:0.0003s ]
INFO: [ view_parse ] --START--
INFO: [ template_filter ] --START--
INFO: Run Behavior\ContentReplaceBehavior [ RunTime:0.000166s ]
INFO: [ template_filter ] --END-- [ RunTime:0.000253s ]
INFO: Run Behavior\ParseTemplateBehavior [ RunTime:0.064942s ]
INFO: [ view_parse ] --END-- [ RunTime:0.065046s ]
INFO: [ view_filter ] --START--
INFO: Run Behavior\WriteHtmlCacheBehavior [ RunTime:0.000430s ]
INFO: [ view_filter ] --END-- [ RunTime:0.000512s ]
INFO: [ app_end ] --START--
INFO: Run Behavior\ShowPageTraceBehavior [ RunTime:0.000627s ]
INFO: [ app_end ] --END-- [ RunTime:0.000759s ]

[ 2017-07-03T20:06:14+08:00 ] ::1 /travel/index.php/Home/Sign/write.html
INFO: [ app_begin ] --START--
INFO: Run Behavior\ReadHtmlCacheBehavior [ RunTime:0.000553s ]
INFO: [ app_begin ] --END-- [ RunTime:0.000916s ]
SQL: SHOW COLUMNS FROM `travel_view_comment` [ RunTime:0.0107s ]
SQL: INSERT INTO `travel_view_comment` (`user_id`,`view_id`,`comment`) VALUES ('1','1','aaaaa') [ RunTime:0.0069s ]
SQL: SHOW COLUMNS FROM `travel_view` [ RunTime:0.0081s ]
SQL: SELECT * FROM `travel_view` WHERE `view_id` = 1  [ RunTime:0.0004s ]
SQL: SHOW COLUMNS FROM `travel_view_ticket` [ RunTime:0.0080s ]
SQL: SELECT * FROM `travel_view_ticket` WHERE `view_id` = 1  [ RunTime:0.0004s ]
SQL: SELECT * FROM `travel_view_comment` WHERE `view_id` = 1 ORDER BY comment_id desc  [ RunTime:0.0003s ]
INFO: [ view_parse ] --START--
INFO: [ template_filter ] --START--
INFO: Run Behavior\ContentReplaceBehavior [ RunTime:0.000158s ]
INFO: [ template_filter ] --END-- [ RunTime:0.000245s ]
INFO: Run Behavior\ParseTemplateBehavior [ RunTime:0.064547s ]
INFO: [ view_parse ] --END-- [ RunTime:0.064656s ]
INFO: [ view_filter ] --START--
INFO: Run Behavior\WriteHtmlCacheBehavior [ RunTime:0.000403s ]
INFO: [ view_filter ] --END-- [ RunTime:0.000484s ]
INFO: [ app_end ] --START--
INFO: Run Behavior\ShowPageTraceBehavior [ RunTime:0.000862s ]
INFO: [ app_end ] --END-- [ RunTime:0.000965s ]

[ 2017-07-03T20:06:16+08:00 ] ::1 /travel/index.php/Home/Sign/write.html
INFO: [ app_begin ] --START--
INFO: Run Behavior\ReadHtmlCacheBehavior [ RunTime:0.000581s ]
INFO: [ app_begin ] --END-- [ RunTime:0.000934s ]
SQL: SHOW COLUMNS FROM `travel_view_comment` [ RunTime:0.0113s ]
SQL: INSERT INTO `travel_view_comment` (`user_id`,`view_id`,`comment`) VALUES ('1','1','aaaaa') [ RunTime:0.0063s ]
SQL: SHOW COLUMNS FROM `travel_view` [ RunTime:0.0081s ]
SQL: SELECT * FROM `travel_view` WHERE `view_id` = 1  [ RunTime:0.0004s ]
SQL: SHOW COLUMNS FROM `travel_view_ticket` [ RunTime:0.0084s ]
SQL: SELECT * FROM `travel_view_ticket` WHERE `view_id` = 1  [ RunTime:0.0004s ]
SQL: SELECT * FROM `travel_view_comment` WHERE `view_id` = 1 ORDER BY comment_id desc  [ RunTime:0.0003s ]
INFO: [ view_parse ] --START--
INFO: [ template_filter ] --START--
INFO: Run Behavior\ContentReplaceBehavior [ RunTime:0.000164s ]
INFO: [ template_filter ] --END-- [ RunTime:0.000290s ]
INFO: Run Behavior\ParseTemplateBehavior [ RunTime:0.063886s ]
INFO: [ view_parse ] --END-- [ RunTime:0.064019s ]
INFO: [ view_filter ] --START--
INFO: Run Behavior\WriteHtmlCacheBehavior [ RunTime:0.000475s ]
INFO: [ view_filter ] --END-- [ RunTime:0.000555s ]
INFO: [ app_end ] --START--
INFO: Run Behavior\ShowPageTraceBehavior [ RunTime:0.000788s ]
INFO: [ app_end ] --END-- [ RunTime:0.000887s ]

[ 2017-07-03T20:08:19+08:00 ] ::1 /travel/index.php/Home/Sign/write.html
INFO: [ app_begin ] --START--
INFO: Run Behavior\ReadHtmlCacheBehavior [ RunTime:0.000539s ]
INFO: [ app_begin ] --END-- [ RunTime:0.000864s ]
SQL: SHOW COLUMNS FROM `travel_view_comment` [ RunTime:0.0134s ]
SQL: INSERT INTO `travel_view_comment` (`user_id`,`view_id`,`comment`) VALUES ('1','1','aaaaa') [ RunTime:0.0026s ]
SQL: SELECT * FROM `travel_view_comment` WHERE `view_id` = 1 ORDER BY comment_id desc  [ RunTime:0.0004s ]

[ 2017-07-03T20:10:32+08:00 ] ::1 /travel/index.php/Home/Sign/write.html
INFO: [ app_begin ] --START--
INFO: Run Behavior\ReadHtmlCacheBehavior [ RunTime:0.000548s ]
INFO: [ app_begin ] --END-- [ RunTime:0.000921s ]
SQL: SHOW COLUMNS FROM `travel_view_comment` [ RunTime:0.0110s ]
SQL: INSERT INTO `travel_view_comment` (`user_id`,`view_id`,`comment`) VALUES ('1','1','ssssss') [ RunTime:0.0070s ]
SQL: SELECT * FROM `travel_view_comment` WHERE `view_id` = 1 ORDER BY comment_id desc  [ RunTime:0.0004s ]

[ 2017-07-03T20:11:34+08:00 ] ::1 /travel/index.php/Home/Sign/write.html
INFO: [ app_begin ] --START--
INFO: Run Behavior\ReadHtmlCacheBehavior [ RunTime:0.000547s ]
INFO: [ app_begin ] --END-- [ RunTime:0.000914s ]
SQL: SHOW COLUMNS FROM `travel_view_comment` [ RunTime:0.0106s ]
SQL: INSERT INTO `travel_view_comment` (`user_id`,`view_id`,`comment`) VALUES ('1','1','wwwww') [ RunTime:0.0025s ]
SQL: SELECT * FROM `travel_view_comment` WHERE `view_id` = 1 ORDER BY comment_id desc  [ RunTime:0.0004s ]

[ 2017-07-03T20:11:49+08:00 ] ::1 /travel/index.php/Home/Sign/write.html
INFO: [ app_begin ] --START--
INFO: Run Behavior\ReadHtmlCacheBehavior [ RunTime:0.000554s ]
INFO: [ app_begin ] --END-- [ RunTime:0.000934s ]
SQL: SHOW COLUMNS FROM `travel_view_comment` [ RunTime:0.0108s ]
SQL: INSERT INTO `travel_view_comment` (`user_id`,`view_id`,`comment`) VALUES ('1','1','wwwww') [ RunTime:0.0026s ]
SQL: SELECT * FROM `travel_view_comment` WHERE `view_id` = 1 ORDER BY comment_id desc  [ RunTime:0.0004s ]

[ 2017-07-03T20:14:59+08:00 ] ::1 /travel/index.php/Home/Sign/write.html
INFO: [ app_begin ] --START--
INFO: Run Behavior\ReadHtmlCacheBehavior [ RunTime:0.000639s ]
INFO: [ app_begin ] --END-- [ RunTime:0.001027s ]
SQL: SHOW COLUMNS FROM `travel_view_comment` [ RunTime:0.0107s ]
SQL: INSERT INTO `travel_view_comment` (`user_id`,`view_id`,`comment`,`now`) VALUES ('1','1','222222','2017-07-03 20:14:59') [ RunTime:0.0019s ]
SQL: SELECT * FROM `travel_view_comment` WHERE `view_id` = 1 ORDER BY comment_id desc  [ RunTime:0.0004s ]

[ 2017-07-03T20:44:47+08:00 ] ::1 /travel/index.php/Home/Food/like?food_id=91&like=1
INFO: [ app_begin ] --START--
INFO: Run Behavior\ReadHtmlCacheBehavior [ RunTime:0.000627s ]
INFO: [ app_begin ] --END-- [ RunTime:0.001003s ]
SQL: SHOW COLUMNS FROM `travel_food` [ RunTime:0.0134s ]
SQL: UPDATE `travel_food` SET `food_taste`='1' WHERE `food_id` = 91 [ RunTime:0.0020s ]
INFO: [ app_end ] --START--
INFO: Run Behavior\ShowPageTraceBehavior [ RunTime:0.000684s ]
INFO: [ app_end ] --END-- [ RunTime:0.000778s ]

