[ 2017-06-06T00:03:55+08:00 ] ::1 /demo/index.php/Home/Index/index.html
INFO: [ app_init ] --START--
INFO: Run Behavior\BuildLiteBehavior [ RunTime:0.000009s ]
INFO: [ app_init ] --END-- [ RunTime:0.000295s ]
INFO: [ app_begin ] --START--
INFO: Run Behavior\ReadHtmlCacheBehavior [ RunTime:0.000428s ]
INFO: [ app_begin ] --END-- [ RunTime:0.000462s ]
NOTIC: [8192] mysql_connect(): The mysql extension is deprecated and will be removed in the future: use mysqli or PDO instead E:\Web\demo\ThinkPHP\Library\Think\Session\Driver\Db.class.php 第 95 行.
NOTIC: [8] Undefined offset: 1 E:\Web\demo\ThinkPHP\Library\Think\Session\Driver\Db.class.php 第 124 行.
NOTIC: [2] mysql_query() expects parameter 2 to be resource, null given E:\Web\demo\ThinkPHP\Library\Think\Session\Driver\Db.class.php 第 125 行.
INFO: [ view_parse ] --START--
INFO: [ template_filter ] --START--
INFO: Run Behavior\ContentReplaceBehavior [ RunTime:0.000078s ]
INFO: [ template_filter ] --END-- [ RunTime:0.000122s ]
INFO: Run Behavior\ParseTemplateBehavior [ RunTime:0.005245s ]
INFO: [ view_parse ] --END-- [ RunTime:0.005285s ]
INFO: [ view_filter ] --START--
INFO: Run Behavior\WriteHtmlCacheBehavior [ RunTime:0.000264s ]
INFO: [ view_filter ] --END-- [ RunTime:0.000290s ]
INFO: [ app_end ] --START--
INFO: Run Behavior\ShowPageTraceBehavior [ RunTime:0.000426s ]
INFO: [ app_end ] --END-- [ RunTime:0.000461s ]

[ 2017-06-06T00:06:27+08:00 ] ::1 /demo/index.php/Home/Index/index.html
INFO: [ app_init ] --START--
INFO: Run Behavior\BuildLiteBehavior [ RunTime:0.000011s ]
INFO: [ app_init ] --END-- [ RunTime:0.000321s ]
INFO: [ app_begin ] --START--
INFO: Run Behavior\ReadHtmlCacheBehavior [ RunTime:0.000630s ]
INFO: [ app_begin ] --END-- [ RunTime:0.000672s ]
NOTIC: [8192] mysql_connect(): The mysql extension is deprecated and will be removed in the future: use mysqli or PDO instead E:\Web\demo\ThinkPHP\Library\Think\Session\Driver\Db.class.php 第 95 行.
NOTIC: [8] Undefined offset: 1 E:\Web\demo\ThinkPHP\Library\Think\Session\Driver\Db.class.php 第 124 行.
NOTIC: [2] mysql_query() expects parameter 2 to be resource, null given E:\Web\demo\ThinkPHP\Library\Think\Session\Driver\Db.class.php 第 125 行.
INFO: [ view_parse ] --START--
INFO: [ template_filter ] --START--
INFO: Run Behavior\ContentReplaceBehavior [ RunTime:0.000073s ]
INFO: [ template_filter ] --END-- [ RunTime:0.000113s ]
INFO: Run Behavior\ParseTemplateBehavior [ RunTime:0.004968s ]
INFO: [ view_parse ] --END-- [ RunTime:0.005008s ]
INFO: [ view_filter ] --START--
INFO: Run Behavior\WriteHtmlCacheBehavior [ RunTime:0.000286s ]
INFO: [ view_filter ] --END-- [ RunTime:0.000316s ]
INFO: [ app_end ] --START--
INFO: Run Behavior\ShowPageTraceBehavior [ RunTime:0.000421s ]
INFO: [ app_end ] --END-- [ RunTime:0.000467s ]

[ 2017-06-06T00:07:00+08:00 ] ::1 /demo/index.php/Home/Index/index.html
INFO: [ app_init ] --START--
INFO: Run Behavior\BuildLiteBehavior [ RunTime:0.000010s ]
INFO: [ app_init ] --END-- [ RunTime:0.000289s ]
INFO: [ app_begin ] --START--
INFO: Run Behavior\ReadHtmlCacheBehavior [ RunTime:0.000400s ]
INFO: [ app_begin ] --END-- [ RunTime:0.000436s ]
NOTIC: [8192] mysql_connect(): The mysql extension is deprecated and will be removed in the future: use mysqli or PDO instead E:\Web\demo\ThinkPHP\Library\Think\Session\Driver\Db.class.php 第 95 行.
NOTIC: [8] Undefined offset: 1 E:\Web\demo\ThinkPHP\Library\Think\Session\Driver\Db.class.php 第 124 行.
NOTIC: [2] mysql_query() expects parameter 2 to be resource, null given E:\Web\demo\ThinkPHP\Library\Think\Session\Driver\Db.class.php 第 125 行.
INFO: [ view_parse ] --START--
INFO: [ template_filter ] --START--
INFO: Run Behavior\ContentReplaceBehavior [ RunTime:0.000095s ]
INFO: [ template_filter ] --END-- [ RunTime:0.000139s ]
INFO: Run Behavior\ParseTemplateBehavior [ RunTime:0.005651s ]
INFO: [ view_parse ] --END-- [ RunTime:0.005700s ]
INFO: [ view_filter ] --START--
INFO: Run Behavior\WriteHtmlCacheBehavior [ RunTime:0.000250s ]
INFO: [ view_filter ] --END-- [ RunTime:0.000286s ]
INFO: [ app_end ] --START--
INFO: Run Behavior\ShowPageTraceBehavior [ RunTime:0.000437s ]
INFO: [ app_end ] --END-- [ RunTime:0.000473s ]

[ 2017-06-06T00:07:17+08:00 ] ::1 /demo/index.php/Home/Index/index.html
INFO: [ app_init ] --START--
INFO: Run Behavior\BuildLiteBehavior [ RunTime:0.000009s ]
INFO: [ app_init ] --END-- [ RunTime:0.000275s ]
INFO: [ app_begin ] --START--
INFO: Run Behavior\ReadHtmlCacheBehavior [ RunTime:0.000396s ]
INFO: [ app_begin ] --END-- [ RunTime:0.000427s ]
NOTIC: [8192] mysql_connect(): The mysql extension is deprecated and will be removed in the future: use mysqli or PDO instead E:\Web\demo\ThinkPHP\Library\Think\Session\Driver\Db.class.php 第 95 行.
NOTIC: [8] Undefined offset: 1 E:\Web\demo\ThinkPHP\Library\Think\Session\Driver\Db.class.php 第 124 行.
NOTIC: [2] mysql_query() expects parameter 2 to be resource, null given E:\Web\demo\ThinkPHP\Library\Think\Session\Driver\Db.class.php 第 125 行.
INFO: [ view_parse ] --START--
INFO: [ template_filter ] --START--
INFO: Run Behavior\ContentReplaceBehavior [ RunTime:0.000074s ]
INFO: [ template_filter ] --END-- [ RunTime:0.000111s ]
INFO: Run Behavior\ParseTemplateBehavior [ RunTime:0.005231s ]
INFO: [ view_parse ] --END-- [ RunTime:0.005271s ]
INFO: [ view_filter ] --START--
INFO: Run Behavior\WriteHtmlCacheBehavior [ RunTime:0.000265s ]
INFO: [ view_filter ] --END-- [ RunTime:0.000290s ]
INFO: [ app_end ] --START--
INFO: Run Behavior\ShowPageTraceBehavior [ RunTime:0.000485s ]
INFO: [ app_end ] --END-- [ RunTime:0.000527s ]

[ 2017-06-06T00:08:06+08:00 ] ::1 /demo/index.php/Home/Index/index.html
INFO: [ app_init ] --START--
INFO: Run Behavior\BuildLiteBehavior [ RunTime:0.000009s ]
INFO: [ app_init ] --END-- [ RunTime:0.000253s ]
INFO: [ app_begin ] --START--
INFO: Run Behavior\ReadHtmlCacheBehavior [ RunTime:0.000328s ]
INFO: [ app_begin ] --END-- [ RunTime:0.000367s ]
NOTIC: [8192] mysql_connect(): The mysql extension is deprecated and will be removed in the future: use mysqli or PDO instead E:\Web\demo\ThinkPHP\Library\Think\Session\Driver\Db.class.php 第 95 行.
NOTIC: [8] Undefined offset: 1 E:\Web\demo\ThinkPHP\Library\Think\Session\Driver\Db.class.php 第 124 行.
NOTIC: [2] mysql_query() expects parameter 2 to be resource, null given E:\Web\demo\ThinkPHP\Library\Think\Session\Driver\Db.class.php 第 125 行.
INFO: [ view_parse ] --START--
INFO: [ template_filter ] --START--
INFO: Run Behavior\ContentReplaceBehavior [ RunTime:0.000080s ]
INFO: [ template_filter ] --END-- [ RunTime:0.000127s ]
INFO: Run Behavior\ParseTemplateBehavior [ RunTime:0.005072s ]
INFO: [ view_parse ] --END-- [ RunTime:0.005119s ]
INFO: [ view_filter ] --START--
INFO: Run Behavior\WriteHtmlCacheBehavior [ RunTime:0.000214s ]
INFO: [ view_filter ] --END-- [ RunTime:0.000245s ]
INFO: [ app_end ] --START--
INFO: Run Behavior\ShowPageTraceBehavior [ RunTime:0.000388s ]
INFO: [ app_end ] --END-- [ RunTime:0.000430s ]

[ 2017-06-06T00:11:59+08:00 ] ::1 /demo/index.php/Home/Index/index.html
INFO: [ app_init ] --START--
INFO: Run Behavior\BuildLiteBehavior [ RunTime:0.000010s ]
INFO: [ app_init ] --END-- [ RunTime:0.000287s ]
INFO: [ app_begin ] --START--
INFO: Run Behavior\ReadHtmlCacheBehavior [ RunTime:0.000468s ]
INFO: [ app_begin ] --END-- [ RunTime:0.000505s ]
NOTIC: [8192] mysql_connect(): The mysql extension is deprecated and will be removed in the future: use mysqli or PDO instead E:\Web\demo\ThinkPHP\Library\Think\Session\Driver\Db.class.php 第 95 行.
NOTIC: [8] Undefined offset: 1 E:\Web\demo\ThinkPHP\Library\Think\Session\Driver\Db.class.php 第 124 行.
NOTIC: [2] mysql_query() expects parameter 2 to be resource, null given E:\Web\demo\ThinkPHP\Library\Think\Session\Driver\Db.class.php 第 125 行.
INFO: [ view_parse ] --START--
INFO: [ template_filter ] --START--
INFO: Run Behavior\ContentReplaceBehavior [ RunTime:0.000071s ]
INFO: [ template_filter ] --END-- [ RunTime:0.000108s ]
INFO: Run Behavior\ParseTemplateBehavior [ RunTime:0.005228s ]
INFO: [ view_parse ] --END-- [ RunTime:0.005274s ]
INFO: [ view_filter ] --START--
INFO: Run Behavior\WriteHtmlCacheBehavior [ RunTime:0.000239s ]
INFO: [ view_filter ] --END-- [ RunTime:0.000275s ]
INFO: [ app_end ] --START--
INFO: Run Behavior\ShowPageTraceBehavior [ RunTime:0.000410s ]
INFO: [ app_end ] --END-- [ RunTime:0.000444s ]

