[ 2017-05-18T07:59:32+08:00 ] ::1 /demo/
INFO: [ app_init ] --START--
INFO: Run Behavior\BuildLiteBehavior [ RunTime:0.000036s ]
INFO: [ app_init ] --END-- [ RunTime:0.002553s ]
INFO: [ app_begin ] --START--
INFO: Run Behavior\ReadHtmlCacheBehavior [ RunTime:0.001353s ]
INFO: [ app_begin ] --END-- [ RunTime:0.001437s ]
NOTIC: [8192] mysql_connect(): The mysql extension is deprecated and will be removed in the future: use mysqli or PDO instead E:\Web\demo\ThinkPHP\Library\Think\Session\Driver\Db.class.php 第 95 行.
NOTIC: [8] Undefined offset: 1 E:\Web\demo\ThinkPHP\Library\Think\Session\Driver\Db.class.php 第 124 行.
NOTIC: [2] mysql_query() expects parameter 2 to be resource, null given E:\Web\demo\ThinkPHP\Library\Think\Session\Driver\Db.class.php 第 125 行.
INFO: [ view_parse ] --START--
INFO: [ template_filter ] --START--
INFO: Run Behavior\ContentReplaceBehavior [ RunTime:0.002459s ]
INFO: [ template_filter ] --END-- [ RunTime:0.002539s ]
INFO: Run Behavior\ParseTemplateBehavior [ RunTime:0.015037s ]
INFO: [ view_parse ] --END-- [ RunTime:0.015116s ]
INFO: [ view_filter ] --START--
INFO: Run Behavior\WriteHtmlCacheBehavior [ RunTime:0.000991s ]
INFO: [ view_filter ] --END-- [ RunTime:0.001056s ]
INFO: [ app_end ] --START--
INFO: Run Behavior\ShowPageTraceBehavior [ RunTime:0.003562s ]
INFO: [ app_end ] --END-- [ RunTime:0.003633s ]

