[ 2017-07-08T09:38:00+08:00 ] ::1 /travel/index.php/Home/OrderInfo/query.html?id=2&userId=4
ERR: 1064:You have an error in your SQL syntax; check the manual that corresponds to your MySQL server version for the right syntax to use near ')' at line 3
 [ SQL语句 ] : SELECT o.*,hotel.hotel_name,room.room_name FROM `travel_order` `o`,`travel_hotel` `hotel`,`travel_room` `room` WHERE ( o.roomid = room.room_id
                             and o.hotelid = hotel.hotel_id 
                             and o.userid =  ) 

[ 2017-07-08T09:38:16+08:00 ] ::1 /travel/index.php/Home/OrderInfo/query.html?id=2&userId=4
ERR: 1064:You have an error in your SQL syntax; check the manual that corresponds to your MySQL server version for the right syntax to use near ')' at line 3
 [ SQL语句 ] : SELECT o.*,hotel.hotel_name,room.room_name FROM `travel_order` `o`,`travel_hotel` `hotel`,`travel_room` `room` WHERE ( o.roomid = room.room_id
                             and o.hotelid = hotel.hotel_id 
                             and o.userid =  ) 

[ 2017-07-08T10:04:48+08:00 ] ::1 /travel/index.php/Home/OrderInfo/query.html?id=2&userId=4
ERR: 1064:You have an error in your SQL syntax; check the manual that corresponds to your MySQL server version for the right syntax to use near ')' at line 3
 [ SQL语句 ] : SELECT o.*,hotel.hotel_name,room.room_name FROM `travel_order` `o`,`travel_hotel` `hotel`,`travel_room` `room` WHERE ( o.roomid = room.room_id
                             and o.hotelid = hotel.hotel_id 
                             and o.userid =  ) 

[ 2017-07-08T10:06:21+08:00 ] ::1 /travel/index.php/Home/OrderInfo/query.html?id=2&userId=4
ERR: 1064:You have an error in your SQL syntax; check the manual that corresponds to your MySQL server version for the right syntax to use near ')' at line 3
 [ SQL语句 ] : SELECT o.*,hotel.hotel_name,room.room_name FROM `travel_order` `o`,`travel_hotel` `hotel`,`travel_room` `room` WHERE ( o.roomid = room.room_id
                             and o.hotelid = hotel.hotel_id 
                             and o.userid =  ) 

[ 2017-07-08T10:17:57+08:00 ] ::1 /travel/index.php/Home/OrderInfo/query.html?id=2&userId=4
ERR: 1064:You have an error in your SQL syntax; check the manual that corresponds to your MySQL server version for the right syntax to use near ')' at line 3
 [ SQL语句 ] : SELECT o.*,hotel.hotel_name,room.room_name FROM `travel_order` `o`,`travel_hotel` `hotel`,`travel_room` `room` WHERE ( o.roomid = room.room_id
                             and o.hotelid = hotel.hotel_id 
                             and o.userid =  ) 

[ 2017-07-08T10:18:07+08:00 ] ::1 /travel/index.php/Home/OrderInfo/query.html?id=2&userId=4
ERR: 1064:You have an error in your SQL syntax; check the manual that corresponds to your MySQL server version for the right syntax to use near ')' at line 3
 [ SQL语句 ] : SELECT o.*,hotel.hotel_name,room.room_name FROM `travel_order` `o`,`travel_hotel` `hotel`,`travel_room` `room` WHERE ( o.roomid = room.room_id
                             and o.hotelid = hotel.hotel_id 
                             and o.userid =  ) 

[ 2017-07-08T10:18:16+08:00 ] ::1 /travel/index.php/Home/OrderInfo/query.html?id=2&userId=4
ERR: 1064:You have an error in your SQL syntax; check the manual that corresponds to your MySQL server version for the right syntax to use near ')' at line 3
 [ SQL语句 ] : SELECT o.*,hotel.hotel_name,room.room_name FROM `travel_order` `o`,`travel_hotel` `hotel`,`travel_room` `room` WHERE ( o.roomid = room.room_id
                             and o.hotelid = hotel.hotel_id 
                             and o.userid =  ) 

[ 2017-07-08T10:22:26+08:00 ] ::1 /travel/index.php/Home/OrderInfo/query.html?id=2&userId=4
ERR: 1064:You have an error in your SQL syntax; check the manual that corresponds to your MySQL server version for the right syntax to use near ')' at line 3
 [ SQL语句 ] : SELECT o.*,hotel.hotel_name,room.room_name FROM `travel_order` `o`,`travel_hotel` `hotel`,`travel_room` `room` WHERE ( o.roomid = room.room_id
                             and o.hotelid = hotel.hotel_id 
                             and o.userid =  ) 

[ 2017-07-08T10:24:53+08:00 ] ::1 /travel/index.php/Home/OrderInfo/query.html?id=2&userId=4
ERR: 1064:You have an error in your SQL syntax; check the manual that corresponds to your MySQL server version for the right syntax to use near ')' at line 3
 [ SQL语句 ] : SELECT o.*,hotel.hotel_name,room.room_name FROM `travel_order` `o`,`travel_hotel` `hotel`,`travel_room` `room` WHERE ( o.roomid = room.room_id
                             and o.hotelid = hotel.hotel_id 
                             and o.userid =  ) 

[ 2017-07-08T10:25:15+08:00 ] ::1 /travel/index.php/Home/OrderInfo/query.html?id=2&userId=4
ERR: 1064:You have an error in your SQL syntax; check the manual that corresponds to your MySQL server version for the right syntax to use near ')' at line 3
 [ SQL语句 ] : SELECT o.*,hotel.hotel_name,room.room_name FROM `travel_order` `o`,`travel_hotel` `hotel`,`travel_room` `room` WHERE ( o.roomid = room.room_id
                             and o.hotelid = hotel.hotel_id 
                             and o.userid =  ) 

[ 2017-07-08T10:25:28+08:00 ] ::1 /travel/index.php/Home/OrderInfo/query.html?id=2&userId=4
ERR: 1064:You have an error in your SQL syntax; check the manual that corresponds to your MySQL server version for the right syntax to use near ')' at line 3
 [ SQL语句 ] : SELECT o.*,hotel.hotel_name,room.room_name FROM `travel_order` `o`,`travel_hotel` `hotel`,`travel_room` `room` WHERE ( o.roomid = room.room_id
                             and o.hotelid = hotel.hotel_id 
                             and o.userid =  ) 

[ 2017-07-08T10:27:33+08:00 ] ::1 /travel/index.php/Home/OrderInfo/query.html?id=2&userId=4
ERR: 1064:You have an error in your SQL syntax; check the manual that corresponds to your MySQL server version for the right syntax to use near ')' at line 3
 [ SQL语句 ] : SELECT o.*,hotel.hotel_name,room.room_name FROM `travel_order` `o`,`travel_hotel` `hotel`,`travel_room` `room` WHERE ( o.roomid = room.room_id
                             and o.hotelid = hotel.hotel_id 
                             and o.userid =  ) 

[ 2017-07-08T10:33:56+08:00 ] ::1 /travel/index.php/Home/OrderInfo/query.html?id=2&userId=4
ERR: 1064:You have an error in your SQL syntax; check the manual that corresponds to your MySQL server version for the right syntax to use near ')' at line 3
 [ SQL语句 ] : SELECT o.*,hotel.hotel_name,room.room_name FROM `travel_order` `o`,`travel_hotel` `hotel`,`travel_room` `room` WHERE ( o.roomid = room.room_id
                             and o.hotelid = hotel.hotel_id 
                             and o.userid =  ) 

[ 2017-07-08T10:41:01+08:00 ] ::1 /travel/index.php/Home/OrderInfo/query.html?id=2&userId=4
ERR: 1064:You have an error in your SQL syntax; check the manual that corresponds to your MySQL server version for the right syntax to use near ')' at line 3
 [ SQL语句 ] : SELECT o.*,hotel.hotel_name,room.room_name FROM `travel_order` `o`,`travel_hotel` `hotel`,`travel_room` `room` WHERE ( o.roomid = room.room_id
                             and o.hotelid = hotel.hotel_id 
                             and o.userid =  ) 

[ 2017-07-08T10:41:45+08:00 ] ::1 /travel/index.php/Home/OrderInfo/query.html?id=2&userId=4
ERR: 1064:You have an error in your SQL syntax; check the manual that corresponds to your MySQL server version for the right syntax to use near ')' at line 3
 [ SQL语句 ] : SELECT o.*,hotel.hotel_name,room.room_name FROM `travel_order` `o`,`travel_hotel` `hotel`,`travel_room` `room` WHERE ( o.roomid = room.room_id
                             and o.hotelid = hotel.hotel_id 
                             and o.userid =  ) 

