[ 2017-06-18T16:37:08+08:00 ] ::1 /travel/index.php/Home/Hotel/economics.html
ERR: 1054:Unknown column '经济型' in 'where clause'
 [ SQL语句 ] : SELECT hotel.hotel_name,hotel.hotel_type,hotel.hotel_price,hotel.hotel_addr,city.name FROM `travel_hotel` `hotel`,`travel_city` `city` WHERE ( hotel.hotel_city_id = city.id and hotel_type =经济型 
            and hotel.hotel_city_id = 1 ) LIMIT 12  

[ 2017-06-18T16:38:21+08:00 ] ::1 /travel/index.php/Home/Hotel/cityHotel/city_id/12.hotel_type=%E4%BA%94%E6%98%9F%E7%BA%A7
ERR: 1064:You have an error in your SQL syntax; check the manual that corresponds to your MySQL server version for the right syntax to use near 'and hotel.hotel_city_id = 12 ) LIMIT 10' at line 2
 [ SQL语句 ] : SELECT hotel.hotel_name,hotel.hotel_type,hotel.hotel_price,hotel.hotel_addr,city.name FROM `travel_hotel` `hotel`,`travel_city` `city` WHERE ( hotel.hotel_city_id = city.id and hotel_type = 
            and hotel.hotel_city_id = 12 ) LIMIT 10  

[ 2017-06-18T16:39:04+08:00 ] ::1 /travel/index.php/Home/Hotel/cityHotel/city_id/12.hotel_type=%E4%BA%94%E6%98%9F%E7%BA%A7
ERR: 1064:You have an error in your SQL syntax; check the manual that corresponds to your MySQL server version for the right syntax to use near 'and hotel.hotel_city_id = 12 ) LIMIT 10' at line 2
 [ SQL语句 ] : SELECT hotel.hotel_name,hotel.hotel_type,hotel.hotel_price,hotel.hotel_addr,city.name FROM `travel_hotel` `hotel`,`travel_city` `city` WHERE ( hotel.hotel_city_id = city.id and hotel_type = 
            and hotel.hotel_city_id = 12 ) LIMIT 10  

[ 2017-06-18T16:39:57+08:00 ] ::1 /travel/index.php/Home/Hotel/economics.html
ERR: 1054:Unknown column '经济型' in 'where clause'
 [ SQL语句 ] : SELECT hotel.hotel_name,hotel.hotel_type,hotel.hotel_price,hotel.hotel_addr,city.name FROM `travel_hotel` `hotel`,`travel_city` `city` WHERE ( hotel.hotel_city_id = city.id and hotel_type =经济型 
            and hotel.hotel_city_id = 1 ) LIMIT 12  

[ 2017-06-18T16:43:41+08:00 ] ::1 /travel/index.php/Home/Hotel/economics.html
ERR: 1054:Unknown column '经济型' in 'where clause'
 [ SQL语句 ] : SELECT hotel.hotel_name,hotel.hotel_type,hotel.hotel_price,hotel.hotel_addr,city.name FROM `travel_hotel` `hotel`,`travel_city` `city` WHERE ( hotel.hotel_city_id = city.id and hotel_type =经济型 
            and hotel.hotel_city_id = 1 ) LIMIT 12  

[ 2017-06-18T16:46:28+08:00 ] ::1 /travel/index.php/Home/Hotel/economics.html
ERR: 1054:Unknown column '经济型' in 'where clause'
 [ SQL语句 ] : SELECT hotel.hotel_name,hotel.hotel_type,hotel.hotel_price,hotel.hotel_addr,city.name FROM `travel_hotel` `hotel`,`travel_city` `city` WHERE ( hotel.hotel_city_id = city.id and hotel_type = 经济型 
            and hotel.hotel_city_id = 1 ) LIMIT 12  

[ 2017-06-18T16:51:45+08:00 ] ::1 /travel/index.php/Home/Hotel/economics.html
ERR: 1054:Unknown column '经济型' in 'where clause'
 [ SQL语句 ] : SELECT hotel.hotel_name,hotel.hotel_type,hotel.hotel_price,hotel.hotel_addr,city.name FROM `travel_hotel` `hotel`,`travel_city` `city` WHERE ( hotel.hotel_city_id = city.id and hotel_type = 经济型 
            and hotel.hotel_city_id = 1 ) LIMIT 12  

[ 2017-06-18T16:52:23+08:00 ] ::1 /travel/index.php/Home/Hotel/economics.html
ERR: 1054:Unknown column '经济型' in 'where clause'
 [ SQL语句 ] : SELECT hotel.hotel_name,hotel.hotel_type,hotel.hotel_price,hotel.hotel_addr,city.name FROM `travel_hotel` `hotel`,`travel_city` `city` WHERE ( hotel.hotel_city_id = city.id and hotel_type = 经济型 
            and hotel.hotel_city_id = 1 ) LIMIT 12  

[ 2017-06-18T16:52:50+08:00 ] ::1 /travel/index.php/Home/Hotel/economics.html
ERR: 1054:Unknown column '经济型' in 'where clause'
 [ SQL语句 ] : SELECT hotel.hotel_name,hotel.hotel_type,hotel.hotel_price,hotel.hotel_addr,city.name FROM `travel_hotel` `hotel`,`travel_city` `city` WHERE ( hotel.hotel_city_id = city.id and hotel_type = 经济型 
            and hotel.hotel_city_id = 1 ) LIMIT 12  

[ 2017-06-18T16:52:53+08:00 ] ::1 /travel/index.php/Home/Hotel/economics.html
ERR: 1054:Unknown column '经济型' in 'where clause'
 [ SQL语句 ] : SELECT hotel.hotel_name,hotel.hotel_type,hotel.hotel_price,hotel.hotel_addr,city.name FROM `travel_hotel` `hotel`,`travel_city` `city` WHERE ( hotel.hotel_city_id = city.id and hotel_type = 经济型 
            and hotel.hotel_city_id = 1 ) LIMIT 12  

[ 2017-06-18T16:53:22+08:00 ] ::1 /travel/index.php/Home/Hotel/economics.html
ERR: 1054:Unknown column '经济型' in 'where clause'
 [ SQL语句 ] : SELECT hotel.hotel_name,hotel.hotel_type,hotel.hotel_price,hotel.hotel_addr,city.name FROM `travel_hotel` `hotel`,`travel_city` `city` WHERE ( hotel.hotel_city_id = city.id and hotel_type = 经济型 
            and hotel.hotel_city_id = 1 ) LIMIT 12  

[ 2017-06-18T16:55:32+08:00 ] ::1 /travel/index.php/Home/Hotel/economics.html
ERR: 1054:Unknown column '经济型' in 'where clause'
 [ SQL语句 ] : SELECT hotel.hotel_name,hotel.hotel_type,hotel.hotel_price,hotel.hotel_addr,city.name FROM `travel_hotel` `hotel`,`travel_city` `city` WHERE ( hotel.hotel_city_id = city.id and hotel_type = 经济型 
            and hotel.hotel_city_id = 1 ) LIMIT 12  

[ 2017-06-18T17:08:08+08:00 ] ::1 /travel/index.php/Home/Hotel/cityHotel/city_id/12.hotel_type=%E4%BA%94%E6%98%9F%E7%BA%A7
ERR: 1064:You have an error in your SQL syntax; check the manual that corresponds to your MySQL server version for the right syntax to use near 'hotel_type=五星级 ) LIMIT 10' at line 2
 [ SQL语句 ] : SELECT hotel.hotel_name,hotel.hotel_type,hotel.hotel_price,hotel.hotel_addr,city.name FROM `travel_hotel` `hotel`,`travel_city` `city` WHERE ( hotel.hotel_city_id = city.id and hotel_type = '' 
            and hotel.hotel_city_id = 12.hotel_type=五星级 ) LIMIT 10  

[ 2017-06-18T17:08:39+08:00 ] ::1 /travel/index.php/Home/Hotel/cityHotel/city_id/12.hotel_type=%E4%BA%94%E6%98%9F%E7%BA%A7
ERR: 1064:You have an error in your SQL syntax; check the manual that corresponds to your MySQL server version for the right syntax to use near 'hotel_type=五星级 ) LIMIT 10' at line 2
 [ SQL语句 ] : SELECT hotel.hotel_name,hotel.hotel_type,hotel.hotel_price,hotel.hotel_addr,city.name FROM `travel_hotel` `hotel`,`travel_city` `city` WHERE ( hotel.hotel_city_id = city.id and hotel_type = '' 
            and hotel.hotel_city_id = 12.hotel_type=五星级 ) LIMIT 10  

[ 2017-06-18T17:15:10+08:00 ] ::1 /travel/index.php/Home/Hotel/cityHotel/city_id/12.hotel_type=%E4%BA%94%E6%98%9F%E7%BA%A7
ERR: 1064:You have an error in your SQL syntax; check the manual that corresponds to your MySQL server version for the right syntax to use near 'hotel_type=五星级 ) LIMIT 10' at line 2
 [ SQL语句 ] : SELECT hotel.hotel_name,hotel.hotel_type,hotel.hotel_price,hotel.hotel_addr,city.name FROM `travel_hotel` `hotel`,`travel_city` `city` WHERE ( hotel.hotel_city_id = city.id and hotel_type = '' 
            and hotel.hotel_city_id = 12.hotel_type=五星级 ) LIMIT 10  

[ 2017-06-18T17:15:36+08:00 ] ::1 /travel/index.php/Home/Hotel/cityHotel/city_id/12.hotel_type=%E4%BA%94%E6%98%9F%E7%BA%A7
ERR: 1064:You have an error in your SQL syntax; check the manual that corresponds to your MySQL server version for the right syntax to use near 'hotel_type=五星级 ) LIMIT 10' at line 2
 [ SQL语句 ] : SELECT hotel.hotel_name,hotel.hotel_type,hotel.hotel_price,hotel.hotel_addr,city.name FROM `travel_hotel` `hotel`,`travel_city` `city` WHERE ( hotel.hotel_city_id = city.id and hotel_type = '' 
            and hotel.hotel_city_id = 12.hotel_type=五星级 ) LIMIT 10  

[ 2017-06-18T17:16:16+08:00 ] ::1 /travel/index.php/Home/Hotel/cityHotel/city_id/12.hotel_type=%E4%BA%94%E6%98%9F%E7%BA%A7
ERR: 1064:You have an error in your SQL syntax; check the manual that corresponds to your MySQL server version for the right syntax to use near 'hotel_type=五星级 ) LIMIT 10' at line 2
 [ SQL语句 ] : SELECT hotel.hotel_name,hotel.hotel_type,hotel.hotel_price,hotel.hotel_addr,city.name FROM `travel_hotel` `hotel`,`travel_city` `city` WHERE ( hotel.hotel_city_id = city.id and hotel_type = '' 
            and hotel.hotel_city_id = 12.hotel_type=五星级 ) LIMIT 10  

[ 2017-06-18T17:23:30+08:00 ] ::1 /travel/index.php/Home/Hotel/cityHotel/city_id/12.hotel_type=2
ERR: 1064:You have an error in your SQL syntax; check the manual that corresponds to your MySQL server version for the right syntax to use near 'hotel_type=2 ) LIMIT 10' at line 2
 [ SQL语句 ] : SELECT hotel.hotel_name,hotel.hotel_type,hotel.hotel_price,hotel.hotel_addr,city.name FROM `travel_hotel` `hotel`,`travel_city` `city` WHERE ( hotel.hotel_city_id = city.id and hotel_type = '' 
            and hotel.hotel_city_id = 12.hotel_type=2 ) LIMIT 10  

[ 2017-06-18T20:08:47+08:00 ] ::1 /travel/index.php/Home/Hotel/economics.html
ERR: 1064:You have an error in your SQL syntax; check the manual that corresponds to your MySQL server version for the right syntax to use near '经济型'' 
            and hotel.hotel_city_id = 1 ) LIMIT 12' at line 1
 [ SQL语句 ] : SELECT hotel.hotel_name,hotel.hotel_type,hotel.hotel_price,hotel.hotel_addr,city.name FROM `travel_hotel` `hotel`,`travel_city` `city` WHERE ( hotel.hotel_city_id = city.id and hotel_type = ''经济型'' 
            and hotel.hotel_city_id = 1 ) LIMIT 12  

[ 2017-06-18T20:09:10+08:00 ] ::1 /travel/index.php/Home/Hotel/economics.html
ERR: 1064:You have an error in your SQL syntax; check the manual that corresponds to your MySQL server version for the right syntax to use near '经济型'' 
            and hotel.hotel_city_id = 1 ) LIMIT 12' at line 1
 [ SQL语句 ] : SELECT hotel.hotel_name,hotel.hotel_type,hotel.hotel_price,hotel.hotel_addr,city.name FROM `travel_hotel` `hotel`,`travel_city` `city` WHERE ( hotel.hotel_city_id = city.id and hotel_type = ''经济型'' 
            and hotel.hotel_city_id = 1 ) LIMIT 12  

[ 2017-06-18T20:09:57+08:00 ] ::1 /travel/index.php/Home/Hotel/economics.html
ERR: 1064:You have an error in your SQL syntax; check the manual that corresponds to your MySQL server version for the right syntax to use near '经济型'' 
            and hotel.hotel_city_id = 1 ) LIMIT 12' at line 1
 [ SQL语句 ] : SELECT hotel.hotel_name,hotel.hotel_type,hotel.hotel_price,hotel.hotel_addr,city.name FROM `travel_hotel` `hotel`,`travel_city` `city` WHERE ( hotel.hotel_city_id = city.id and hotel_type = ''经济型'' 
            and hotel.hotel_city_id = 1 ) LIMIT 12  

[ 2017-06-18T20:10:45+08:00 ] ::1 /travel/index.php/Home/Hotel/economics.html
ERR: 1064:You have an error in your SQL syntax; check the manual that corresponds to your MySQL server version for the right syntax to use near '经济型'' 
            and hotel.hotel_city_id = 1 ) LIMIT 12' at line 1
 [ SQL语句 ] : SELECT hotel.hotel_name,hotel.hotel_type,hotel.hotel_price,hotel.hotel_addr,city.name FROM `travel_hotel` `hotel`,`travel_city` `city` WHERE ( hotel.hotel_city_id = city.id and hotel_type = ''经济型'' 
            and hotel.hotel_city_id = 1 ) LIMIT 12  

[ 2017-06-18T20:11:19+08:00 ] ::1 /travel/index.php/Home/Hotel/economics.html
ERR: 1064:You have an error in your SQL syntax; check the manual that corresponds to your MySQL server version for the right syntax to use near '经济型'' 
            and hotel.hotel_city_id = 1 ) LIMIT 12' at line 1
 [ SQL语句 ] : SELECT hotel.hotel_name,hotel.hotel_type,hotel.hotel_price,hotel.hotel_addr,city.name FROM `travel_hotel` `hotel`,`travel_city` `city` WHERE ( hotel.hotel_city_id = city.id and hotel_type = ''经济型'' 
            and hotel.hotel_city_id = 1 ) LIMIT 12  

