[ 2017-06-24T21:04:09+08:00 ] ::1 /travel/index.php/Admin/Manage/css/c.css
ERR: 非法操作:css

[ 2017-06-24T21:04:09+08:00 ] ::1 /travel/index.php/Admin/Manage/js/custom-file-input.js
ERR: 非法操作:js

[ 2017-06-24T21:21:11+08:00 ] ::1 /travel/index.php/Admin/Manage/css/c.css
ERR: 非法操作:css

[ 2017-06-24T21:21:13+08:00 ] ::1 /travel/index.php/Admin/Manage/css/c.css
ERR: 非法操作:css

[ 2017-06-24T21:22:03+08:00 ] ::1 /travel/index.php/Admin/Manage/css/c.css
ERR: 非法操作:css

[ 2017-06-24T21:22:09+08:00 ] ::1 /travel/index.php/Admin/Manage/css/c.css
ERR: 非法操作:css

[ 2017-06-24T21:23:04+08:00 ] ::1 /travel/index.php/Admin/Manage/css/c.css
ERR: 非法操作:css

[ 2017-06-24T21:31:37+08:00 ] ::1 /travel/index.php/Admin/Manage/css/c.css
ERR: 非法操作:css

[ 2017-06-24T21:32:03+08:00 ] ::1 /travel/index.php/Admin/Manage/css/c.css
ERR: 非法操作:css

[ 2017-06-24T21:34:18+08:00 ] ::1 /travel/index.php/Admin/Manage/css/c.css
ERR: 非法操作:css

[ 2017-06-24T21:34:29+08:00 ] ::1 /travel/index.php/Admin/Manage/css/c.css
ERR: 非法操作:css

[ 2017-06-24T21:34:41+08:00 ] ::1 /travel/index.php/Admin/Manage/css/c.css
ERR: 非法操作:css

[ 2017-06-24T21:35:28+08:00 ] ::1 /travel/index.php/Admin/Manage/css/c.css
ERR: 非法操作:css

[ 2017-06-24T21:38:12+08:00 ] ::1 /travel/index.php/Admin/Manage/css/c.css
ERR: 非法操作:css

[ 2017-06-24T21:38:12+08:00 ] ::1 /travel/index.php/Admin/Manage/js/ueditor.all.min.js
ERR: 非法操作:js

[ 2017-06-24T21:38:12+08:00 ] ::1 /travel/index.php/Admin/Manage/css/component.css
ERR: 非法操作:css

[ 2017-06-24T21:38:12+08:00 ] ::1 /travel/index.php/Admin/Manage/js/zh-cn.js
ERR: 非法操作:js

[ 2017-06-24T21:38:12+08:00 ] ::1 /travel/index.php/Admin/Manage/js/custom-file-input.js
ERR: 非法操作:js

[ 2017-06-24T21:38:12+08:00 ] ::1 /travel/index.php/Admin/Manage/js/jquery-3.2.1.min.js
ERR: 非法操作:js

[ 2017-06-24T21:38:12+08:00 ] ::1 /travel/index.php/Admin/Manage/js/ueditor.config.js
ERR: 非法操作:js

[ 2017-06-24T21:38:12+08:00 ] ::1 /travel/index.php/Admin/Manage/js/ueditor.all.min.js
ERR: 非法操作:js

[ 2017-06-24T21:38:12+08:00 ] ::1 /travel/index.php/Admin/Manage/js/ueditor.config.js
ERR: 非法操作:js

[ 2017-06-24T21:38:12+08:00 ] ::1 /travel/index.php/Admin/Manage/js/zh-cn.js
ERR: 非法操作:js

[ 2017-06-24T21:38:12+08:00 ] ::1 /travel/index.php/Admin/Manage/js/custom-file-input.js
ERR: 非法操作:js

[ 2017-06-24T21:39:11+08:00 ] ::1 /travel/index.php/Admin/Manage/js/custom-file-input.js
ERR: 非法操作:js

[ 2017-06-24T21:39:11+08:00 ] ::1 /travel/index.php/Admin/Manage/js/ueditor.config.js
ERR: 非法操作:js

[ 2017-06-24T21:39:11+08:00 ] ::1 /travel/index.php/Admin/Manage/css/c.css
ERR: 非法操作:css

[ 2017-06-24T21:39:11+08:00 ] ::1 /travel/index.php/Admin/Manage/js/zh-cn.js
ERR: 非法操作:js

[ 2017-06-24T21:39:11+08:00 ] ::1 /travel/index.php/Admin/Manage/js/ueditor.all.min.js
ERR: 非法操作:js

[ 2017-06-24T21:39:11+08:00 ] ::1 /travel/index.php/Admin/Manage/js/ueditor.config.js
ERR: 非法操作:js

[ 2017-06-24T21:39:11+08:00 ] ::1 /travel/index.php/Admin/Manage/js/zh-cn.js
ERR: 非法操作:js

[ 2017-06-24T21:39:11+08:00 ] ::1 /travel/index.php/Admin/Manage/js/custom-file-input.js
ERR: 非法操作:js

[ 2017-06-24T21:40:01+08:00 ] ::1 /travel/index.php/Admin/Manage/css/c.css
ERR: 非法操作:css

[ 2017-06-24T21:40:01+08:00 ] ::1 /travel/index.php/Admin/Manage/js/ueditor.all.min.js
ERR: 非法操作:js

[ 2017-06-24T21:40:01+08:00 ] ::1 /travel/index.php/Admin/Manage/js/zh-cn.js
ERR: 非法操作:js

[ 2017-06-24T21:40:01+08:00 ] ::1 /travel/index.php/Admin/Manage/js/ueditor.config.js
ERR: 非法操作:js

[ 2017-06-24T21:40:01+08:00 ] ::1 /travel/index.php/Admin/Manage/js/custom-file-input.js
ERR: 非法操作:js

[ 2017-06-24T21:40:02+08:00 ] ::1 /travel/index.php/Admin/Manage/js/ueditor.all.min.js
ERR: 非法操作:js

[ 2017-06-24T21:40:02+08:00 ] ::1 /travel/index.php/Admin/Manage/js/ueditor.config.js
ERR: 非法操作:js

[ 2017-06-24T21:40:02+08:00 ] ::1 /travel/index.php/Admin/Manage/js/zh-cn.js
ERR: 非法操作:js

[ 2017-06-24T21:40:02+08:00 ] ::1 /travel/index.php/Admin/Manage/js/custom-file-input.js
ERR: 非法操作:js

[ 2017-06-24T21:40:43+08:00 ] ::1 /travel/index.php/Admin/Manage/css/c.css
ERR: 非法操作:css

[ 2017-06-24T21:40:43+08:00 ] ::1 /travel/index.php/Admin/Manage/js/ueditor.config.js
ERR: 非法操作:js

[ 2017-06-24T21:40:43+08:00 ] ::1 /travel/index.php/Admin/Manage/js/ueditor.all.min.js
ERR: 非法操作:js

[ 2017-06-24T21:40:43+08:00 ] ::1 /travel/index.php/Admin/Manage/js/zh-cn.js
ERR: 非法操作:js

[ 2017-06-24T21:40:44+08:00 ] ::1 /travel/index.php/Admin/Manage/js/ueditor.all.min.js
ERR: 非法操作:js

[ 2017-06-24T21:40:44+08:00 ] ::1 /travel/index.php/Admin/Manage/js/ueditor.config.js
ERR: 非法操作:js

[ 2017-06-24T21:40:44+08:00 ] ::1 /travel/index.php/Admin/Manage/js/zh-cn.js
ERR: 非法操作:js

[ 2017-06-24T21:40:48+08:00 ] ::1 /travel/index.php/Admin/Manage/js/ueditor.config.js
ERR: 非法操作:js

[ 2017-06-24T21:40:48+08:00 ] ::1 /travel/index.php/Admin/Manage/js/zh-cn.js
ERR: 非法操作:js

[ 2017-06-24T21:40:48+08:00 ] ::1 /travel/index.php/Admin/Manage/css/c.css
ERR: 非法操作:css

[ 2017-06-24T21:40:48+08:00 ] ::1 /travel/index.php/Admin/Manage/js/ueditor.all.min.js
ERR: 非法操作:js

[ 2017-06-24T21:40:48+08:00 ] ::1 /travel/index.php/Admin/Manage/js/ueditor.all.min.js
ERR: 非法操作:js

[ 2017-06-24T21:40:48+08:00 ] ::1 /travel/index.php/Admin/Manage/js/ueditor.config.js
ERR: 非法操作:js

[ 2017-06-24T21:40:48+08:00 ] ::1 /travel/index.php/Admin/Manage/js/zh-cn.js
ERR: 非法操作:js

[ 2017-06-24T21:42:15+08:00 ] ::1 /travel/index.php/Admin/Manage/css/c.css
ERR: 非法操作:css

[ 2017-06-24T21:42:15+08:00 ] ::1 /travel/index.php/Admin/Manage/js/zh-cn.js
ERR: 非法操作:js

[ 2017-06-24T21:42:15+08:00 ] ::1 /travel/index.php/Admin/Manage/js/ueditor.config.js
ERR: 非法操作:js

[ 2017-06-24T21:42:15+08:00 ] ::1 /travel/index.php/Admin/Manage/js/ueditor.all.min.js
ERR: 非法操作:js

[ 2017-06-24T21:42:15+08:00 ] ::1 /travel/index.php/Admin/Manage/js/ueditor.config.js
ERR: 非法操作:js

[ 2017-06-24T21:42:15+08:00 ] ::1 /travel/index.php/Admin/Manage/js/zh-cn.js
ERR: 非法操作:js

[ 2017-06-24T21:43:55+08:00 ] ::1 /travel/index.php/Admin/Manage/css/c.css
ERR: 非法操作:css

[ 2017-06-24T21:44:57+08:00 ] ::1 /travel/index.php/Admin/Manage/css/c.css
ERR: 非法操作:css

[ 2017-06-24T21:47:11+08:00 ] ::1 /travel/index.php/Admin/Manage/css/c.css
ERR: 非法操作:css

[ 2017-06-24T21:54:50+08:00 ] ::1 /travel/index.php/Admin/Manage/css/c.css
ERR: 非法操作:css

[ 2017-06-24T21:55:31+08:00 ] ::1 /travel/index.php/Admin/Manage/css/c.css
ERR: 非法操作:css

[ 2017-06-24T21:56:09+08:00 ] ::1 /travel/index.php/Admin/Manage/css/c.css
ERR: 非法操作:css

[ 2017-06-24T21:56:48+08:00 ] ::1 /travel/index.php/Admin/Manage/css/c.css
ERR: 非法操作:css

[ 2017-06-24T21:59:04+08:00 ] ::1 /travel/index.php/Admin/Manage/css/c.css
ERR: 非法操作:css

[ 2017-06-24T21:59:33+08:00 ] ::1 /travel/index.php/Admin/Manage/css/c.css
ERR: 非法操作:css

[ 2017-06-24T22:00:18+08:00 ] ::1 /travel/index.php/Admin/Manage/css/c.css
ERR: 非法操作:css

[ 2017-06-24T22:00:34+08:00 ] ::1 /travel/index.php/Admin/Manage/css/c.css
ERR: 非法操作:css

[ 2017-06-24T22:00:55+08:00 ] ::1 /travel/index.php/Admin/Manage/css/c.css
ERR: 非法操作:css

[ 2017-06-24T22:01:16+08:00 ] ::1 /travel/index.php/Admin/Manage/css/c.css
ERR: 非法操作:css

[ 2017-06-24T22:03:16+08:00 ] ::1 /travel/index.php/Admin/Manage/css/c.css
ERR: 非法操作:css

[ 2017-06-24T22:05:08+08:00 ] ::1 /travel/index.php/Admin/Manage/css/c.css
ERR: 非法操作:css

[ 2017-06-24T22:07:22+08:00 ] ::1 /travel/index.php/Admin/Manage/css/c.css
ERR: 非法操作:css

[ 2017-06-24T22:08:59+08:00 ] ::1 /travel/index.php/Admin/Manage/css/c.css
ERR: 非法操作:css

[ 2017-06-24T22:09:19+08:00 ] ::1 /travel/index.php/Admin/Manage/css/c.css
ERR: 非法操作:css

[ 2017-06-24T22:09:42+08:00 ] ::1 /travel/index.php/Admin/Manage/css/c.css
ERR: 非法操作:css

[ 2017-06-24T22:10:45+08:00 ] ::1 /travel/index.php/Admin/Manage/css/c.css
ERR: 非法操作:css

[ 2017-06-24T22:10:58+08:00 ] ::1 /travel/index.php/Admin/Manage/css/c.css
ERR: 非法操作:css

[ 2017-06-24T22:11:34+08:00 ] ::1 /travel/index.php/Admin/Manage/css/c.css
ERR: 非法操作:css

[ 2017-06-24T22:12:05+08:00 ] ::1 /travel/index.php/Admin/Manage/css/c.css
ERR: 非法操作:css

[ 2017-06-24T22:14:23+08:00 ] ::1 /travel/index.php/Admin/Manage/css/c.css
ERR: 非法操作:css

[ 2017-06-24T22:15:50+08:00 ] ::1 /travel/index.php/Admin/Manage/css/c.css
ERR: 非法操作:css

[ 2017-06-24T22:16:07+08:00 ] ::1 /travel/index.php/Admin/Manage/css/c.css
ERR: 非法操作:css

[ 2017-06-24T22:16:21+08:00 ] ::1 /travel/index.php/Admin/Manage/css/c.css
ERR: 非法操作:css

[ 2017-06-24T22:18:42+08:00 ] ::1 /travel/index.php/Admin/Manage/css/c.css
ERR: 非法操作:css

[ 2017-06-24T22:19:12+08:00 ] ::1 /travel/index.php/Admin/Manage/css/c.css
ERR: 非法操作:css

[ 2017-06-24T22:19:23+08:00 ] ::1 /travel/index.php/Admin/Manage/css/c.css
ERR: 非法操作:css

[ 2017-06-24T22:19:40+08:00 ] ::1 /travel/index.php/Admin/Manage/css/c.css
ERR: 非法操作:css

[ 2017-06-24T22:20:53+08:00 ] ::1 /travel/index.php/Admin/Manage/css/c.css
ERR: 非法操作:css

[ 2017-06-24T22:21:06+08:00 ] ::1 /travel/index.php/Admin/Manage/css/c.css
ERR: 非法操作:css

[ 2017-06-24T22:21:18+08:00 ] ::1 /travel/index.php/Admin/Manage/css/c.css
ERR: 非法操作:css

[ 2017-06-24T22:21:45+08:00 ] ::1 /travel/index.php/Admin/Manage/css/c.css
ERR: 非法操作:css

[ 2017-06-24T22:21:58+08:00 ] ::1 /travel/index.php/Admin/Manage/css/c.css
ERR: 非法操作:css

[ 2017-06-24T22:22:21+08:00 ] ::1 /travel/index.php/Admin/Manage/css/c.css
ERR: 非法操作:css

[ 2017-06-24T22:23:01+08:00 ] ::1 /travel/index.php/Admin/Manage/css/c.css
ERR: 非法操作:css

[ 2017-06-24T22:23:40+08:00 ] ::1 /travel/index.php/Admin/Manage/css/c.css
ERR: 非法操作:css

[ 2017-06-24T22:24:39+08:00 ] ::1 /travel/index.php/Admin/Manage/css/c.css
ERR: 非法操作:css

[ 2017-06-24T22:24:49+08:00 ] ::1 /travel/index.php/Admin/Manage/css/c.css
ERR: 非法操作:css

[ 2017-06-24T22:24:59+08:00 ] ::1 /travel/index.php/Admin/Manage/css/c.css
ERR: 非法操作:css

[ 2017-06-24T22:26:19+08:00 ] ::1 /travel/index.php/Admin/Manage/css/c.css
ERR: 非法操作:css

[ 2017-06-24T22:26:45+08:00 ] ::1 /travel/index.php/Admin/Manage/css/c.css
ERR: 非法操作:css

[ 2017-06-24T22:34:06+08:00 ] ::1 /travel/index.php/Admin/Manage/css/c.css
ERR: 非法操作:css

[ 2017-06-24T22:38:11+08:00 ] ::1 /travel/index.php/Admin/Manage/css/c.css
ERR: 非法操作:css

[ 2017-06-24T22:38:35+08:00 ] ::1 /travel/index.php/Admin/Manage/css/c.css
ERR: 非法操作:css

[ 2017-06-24T22:38:46+08:00 ] ::1 /travel/index.php/Admin/Manage/css/c.css
ERR: 非法操作:css

[ 2017-06-24T22:41:22+08:00 ] ::1 /travel/index.php/Admin/Manage/css/c.css
ERR: 非法操作:css

[ 2017-06-24T22:41:47+08:00 ] ::1 /travel/index.php/Admin/Manage/css/c.css
ERR: 非法操作:css

